::1 - - [01/May/2026 14:39:50] "GET / HTTP/1.1" 200 -
::1 - - [01/May/2026 14:39:50] "GET /app.js HTTP/1.1" 304 -
::1 - - [01/May/2026 14:39:50] "GET /styles.css HTTP/1.1" 304 -
::1 - - [01/May/2026 15:06:00] "GET / HTTP/1.1" 200 -
::1 - - [01/May/2026 15:06:00] "GET /app.js HTTP/1.1" 200 -
::1 - - [01/May/2026 15:06:00] "GET /styles.css HTTP/1.1" 200 -
::1 - - [01/May/2026 15:11:06] "GET / HTTP/1.1" 200 -
::1 - - [01/May/2026 15:11:06] "GET /styles.css HTTP/1.1" 200 -
::1 - - [01/May/2026 15:11:06] "GET /app.js HTTP/1.1" 200 -
::1 - - [01/May/2026 15:11:18] "GET / HTTP/1.1" 304 -
::1 - - [01/May/2026 15:24:40] "GET / HTTP/1.1" 200 -
::1 - - [01/May/2026 15:24:40] "GET /styles.css HTTP/1.1" 200 -
::1 - - [01/May/2026 15:24:40] "GET /app.js HTTP/1.1" 200 -
::1 - - [01/May/2026 15:24:49] "GET / HTTP/1.1" 304 -
::1 - - [01/May/2026 15:24:51] "GET / HTTP/1.1" 200 -
::1 - - [01/May/2026 15:24:51] "GET /styles.css HTTP/1.1" 200 -
::1 - - [01/May/2026 15:24:51] "GET /app.js HTTP/1.1" 200 -
::1 - - [01/May/2026 15:26:47] "GET / HTTP/1.1" 200 -
::1 - - [01/May/2026 15:26:47] "GET /styles.css HTTP/1.1" 200 -
::1 - - [01/May/2026 15:26:47] "GET /app.js HTTP/1.1" 200 -
::1 - - [01/May/2026 15:26:49] "GET / HTTP/1.1" 200 -
::1 - - [01/May/2026 15:26:49] "GET /styles.css HTTP/1.1" 200 -
::1 - - [01/May/2026 15:26:49] "GET /app.js HTTP/1.1" 200 -
::1 - - [01/May/2026 15:26:51] "GET / HTTP/1.1" 200 -
::1 - - [01/May/2026 15:26:51] "GET /styles.css HTTP/1.1" 200 -
::1 - - [01/May/2026 15:26:51] "GET /app.js HTTP/1.1" 200 -
::1 - - [01/May/2026 15:28:56] "GET / HTTP/1.1" 200 -
::1 - - [01/May/2026 15:28:56] "GET /styles.css HTTP/1.1" 200 -
::1 - - [01/May/2026 15:28:56] "GET /app.js HTTP/1.1" 200 -
::1 - - [01/May/2026 15:29:05] "GET / HTTP/1.1" 200 -
::1 - - [01/May/2026 15:29:05] "GET /styles.css HTTP/1.1" 200 -
::1 - - [01/May/2026 15:29:05] "GET /app.js HTTP/1.1" 200 -
::1 - - [01/May/2026 15:30:29] "GET / HTTP/1.1" 200 -
::1 - - [01/May/2026 15:30:29] "GET /styles.css HTTP/1.1" 200 -
::1 - - [01/May/2026 15:30:29] "GET /app.js HTTP/1.1" 200 -
::1 - - [01/May/2026 15:31:39] "GET / HTTP/1.1" 200 -
::1 - - [01/May/2026 15:31:39] "GET /app.js HTTP/1.1" 200 -
::1 - - [01/May/2026 15:31:39] "GET /styles.css HTTP/1.1" 200 -
::1 - - [01/May/2026 15:33:05] "GET / HTTP/1.1" 200 -
::1 - - [01/May/2026 15:33:05] "GET /styles.css HTTP/1.1" 200 -
::1 - - [01/May/2026 15:33:05] "GET /app.js HTTP/1.1" 200 -
::1 - - [01/May/2026 15:34:09] "GET / HTTP/1.1" 200 -
::1 - - [01/May/2026 15:34:09] "GET /styles.css HTTP/1.1" 200 -
::1 - - [01/May/2026 15:34:09] "GET /app.js HTTP/1.1" 200 -
::1 - - [01/May/2026 15:38:33] "GET / HTTP/1.1" 200 -
::1 - - [01/May/2026 15:38:33] "GET /styles.css HTTP/1.1" 200 -
::1 - - [01/May/2026 15:38:33] "GET /app.js HTTP/1.1" 200 -
::1 - - [01/May/2026 15:39:01] "GET / HTTP/1.1" 304 -
::1 - - [01/May/2026 15:39:01] "GET /app.js HTTP/1.1" 304 -
::1 - - [01/May/2026 15:39:45] "GET / HTTP/1.1" 200 -
::1 - - [01/May/2026 15:39:45] "GET /styles.css HTTP/1.1" 200 -
::1 - - [01/May/2026 15:39:45] "GET /app.js HTTP/1.1" 200 -
::1 - - [01/May/2026 15:40:04] "GET / HTTP/1.1" 200 -
::1 - - [01/May/2026 15:40:04] "GET /styles.css HTTP/1.1" 200 -
::1 - - [01/May/2026 15:40:04] "GET /app.js HTTP/1.1" 200 -
::1 - - [01/May/2026 15:40:10] code 404, message File not found
::1 - - [01/May/2026 15:40:10] "GET /.well-known/appspecific/com.chrome.devtools.json HTTP/1.1" 404 -
::1 - - [01/May/2026 15:43:25] "GET / HTTP/1.1" 304 -
::1 - - [01/May/2026 15:43:25] code 404, message File not found
::1 - - [01/May/2026 15:43:25] "GET /.well-known/appspecific/com.chrome.devtools.json HTTP/1.1" 404 -
::1 - - [01/May/2026 15:43:25] "GET /app.js HTTP/1.1" 200 -
::1 - - [01/May/2026 15:43:32] "GET / HTTP/1.1" 200 -
::1 - - [01/May/2026 15:43:32] code 404, message File not found
::1 - - [01/May/2026 15:43:32] "GET /.well-known/appspecific/com.chrome.devtools.json HTTP/1.1" 404 -
::1 - - [01/May/2026 15:43:32] "GET /styles.css HTTP/1.1" 200 -
::1 - - [01/May/2026 15:43:32] "GET /app.js HTTP/1.1" 200 -
::1 - - [01/May/2026 15:47:58] "GET / HTTP/1.1" 200 -
::1 - - [01/May/2026 15:47:58] code 404, message File not found
::1 - - [01/May/2026 15:47:58] "GET /.well-known/appspecific/com.chrome.devtools.json HTTP/1.1" 404 -
::1 - - [01/May/2026 15:47:58] "GET /styles.css HTTP/1.1" 200 -
::1 - - [01/May/2026 15:47:58] "GET /app.js HTTP/1.1" 200 -
::1 - - [01/May/2026 15:51:35] "GET / HTTP/1.1" 200 -
::1 - - [01/May/2026 15:51:35] code 404, message File not found
::1 - - [01/May/2026 15:51:35] "GET /.well-known/appspecific/com.chrome.devtools.json HTTP/1.1" 404 -
::1 - - [01/May/2026 15:51:35] "GET /styles.css HTTP/1.1" 200 -
::1 - - [01/May/2026 15:51:35] "GET /app.js HTTP/1.1" 200 -
::1 - - [01/May/2026 15:55:21] "GET / HTTP/1.1" 200 -
::1 - - [01/May/2026 15:55:22] code 404, message File not found
::1 - - [01/May/2026 15:55:22] "GET /.well-known/appspecific/com.chrome.devtools.json HTTP/1.1" 404 -
::1 - - [01/May/2026 15:55:22] "GET /styles.css HTTP/1.1" 200 -
::1 - - [01/May/2026 15:55:22] "GET /app.js HTTP/1.1" 200 -
::1 - - [01/May/2026 15:57:50] "GET / HTTP/1.1" 200 -
::1 - - [01/May/2026 15:57:50] code 404, message File not found
::1 - - [01/May/2026 15:57:50] "GET /.well-known/appspecific/com.chrome.devtools.json HTTP/1.1" 404 -
::1 - - [01/May/2026 15:57:50] "GET /styles.css HTTP/1.1" 200 -
::1 - - [01/May/2026 15:57:50] "GET /app.js HTTP/1.1" 200 -
::1 - - [01/May/2026 15:59:49] "GET / HTTP/1.1" 200 -
::1 - - [01/May/2026 15:59:49] code 404, message File not found
::1 - - [01/May/2026 15:59:49] "GET /.well-known/appspecific/com.chrome.devtools.json HTTP/1.1" 404 -
::1 - - [01/May/2026 15:59:49] "GET /styles.css HTTP/1.1" 200 -
::1 - - [01/May/2026 15:59:49] "GET /app.js HTTP/1.1" 200 -
::1 - - [01/May/2026 16:01:48] "GET / HTTP/1.1" 200 -
::1 - - [01/May/2026 16:01:48] code 404, message File not found
::1 - - [01/May/2026 16:01:48] "GET /.well-known/appspecific/com.chrome.devtools.json HTTP/1.1" 404 -
::1 - - [01/May/2026 16:01:48] "GET /styles.css HTTP/1.1" 200 -
::1 - - [01/May/2026 16:01:48] "GET /app.js HTTP/1.1" 200 -
::1 - - [01/May/2026 16:02:00] "GET / HTTP/1.1" 200 -
::1 - - [01/May/2026 16:02:00] code 404, message File not found
::1 - - [01/May/2026 16:02:00] "GET /.well-known/appspecific/com.chrome.devtools.json HTTP/1.1" 404 -
::1 - - [01/May/2026 16:02:00] "GET /app.js HTTP/1.1" 200 -
::1 - - [01/May/2026 16:02:00] "GET /styles.css HTTP/1.1" 200 -
::1 - - [01/May/2026 16:02:07] "GET / HTTP/1.1" 200 -
::1 - - [01/May/2026 16:02:07] code 404, message File not found
::1 - - [01/May/2026 16:02:07] "GET /.well-known/appspecific/com.chrome.devtools.json HTTP/1.1" 404 -
::1 - - [01/May/2026 16:02:07] "GET /styles.css HTTP/1.1" 200 -
::1 - - [01/May/2026 16:02:07] "GET /app.js HTTP/1.1" 200 -
::1 - - [01/May/2026 16:03:04] "GET / HTTP/1.1" 200 -
::1 - - [01/May/2026 16:03:04] code 404, message File not found
::1 - - [01/May/2026 16:03:04] "GET /.well-known/appspecific/com.chrome.devtools.json HTTP/1.1" 404 -
::1 - - [01/May/2026 16:03:04] "GET /styles.css HTTP/1.1" 200 -
::1 - - [01/May/2026 16:03:04] "GET /app.js HTTP/1.1" 200 -
::1 - - [01/May/2026 16:04:12] "GET / HTTP/1.1" 200 -
::1 - - [01/May/2026 16:04:12] code 404, message File not found
::1 - - [01/May/2026 16:04:12] "GET /.well-known/appspecific/com.chrome.devtools.json HTTP/1.1" 404 -
::1 - - [01/May/2026 16:04:12] "GET /app.js HTTP/1.1" 200 -
::1 - - [01/May/2026 16:04:12] "GET /styles.css HTTP/1.1" 200 -
::1 - - [01/May/2026 16:04:19] "GET /app.js HTTP/1.1" 304 -
::1 - - [01/May/2026 16:05:12] "GET / HTTP/1.1" 200 -
::1 - - [01/May/2026 16:05:12] "GET /app.js HTTP/1.1" 200 -
::1 - - [01/May/2026 16:05:12] "GET /styles.css HTTP/1.1" 200 -
::1 - - [01/May/2026 16:05:19] "GET / HTTP/1.1" 200 -
::1 - - [01/May/2026 16:05:19] "GET /styles.css HTTP/1.1" 200 -
::1 - - [01/May/2026 16:05:19] "GET /app.js HTTP/1.1" 200 -
::1 - - [01/May/2026 16:06:01] "GET / HTTP/1.1" 200 -
::1 - - [01/May/2026 16:06:01] "GET /styles.css HTTP/1.1" 200 -
::1 - - [01/May/2026 16:06:01] "GET /app.js HTTP/1.1" 200 -
::1 - - [01/May/2026 16:07:30] "GET / HTTP/1.1" 200 -
::1 - - [01/May/2026 16:07:30] "GET /styles.css HTTP/1.1" 200 -
::1 - - [01/May/2026 16:07:30] "GET /app.js HTTP/1.1" 200 -
::1 - - [01/May/2026 16:07:41] "GET / HTTP/1.1" 200 -
::1 - - [01/May/2026 16:07:41] "GET /app.js HTTP/1.1" 200 -
::1 - - [01/May/2026 16:07:41] "GET /styles.css HTTP/1.1" 200 -
::1 - - [01/May/2026 16:07:51] "GET / HTTP/1.1" 200 -
::1 - - [01/May/2026 16:07:52] "GET /styles.css HTTP/1.1" 200 -
::1 - - [01/May/2026 16:07:52] "GET /app.js HTTP/1.1" 200 -
::1 - - [01/May/2026 16:08:31] "GET / HTTP/1.1" 200 -
::1 - - [01/May/2026 16:08:31] "GET /styles.css HTTP/1.1" 200 -
::1 - - [01/May/2026 16:08:31] "GET /app.js HTTP/1.1" 200 -
::1 - - [01/May/2026 16:10:22] "GET / HTTP/1.1" 200 -
::1 - - [01/May/2026 16:10:22] "GET /styles.css HTTP/1.1" 200 -
::1 - - [01/May/2026 16:10:22] "GET /app.js HTTP/1.1" 200 -
::1 - - [01/May/2026 16:18:44] "GET / HTTP/1.1" 200 -
::1 - - [01/May/2026 16:18:44] "GET /styles.css HTTP/1.1" 200 -
::1 - - [01/May/2026 16:18:44] "GET /app.js HTTP/1.1" 200 -
::1 - - [01/May/2026 16:19:39] "GET / HTTP/1.1" 200 -
::1 - - [01/May/2026 16:19:39] "GET /app.js HTTP/1.1" 200 -
::1 - - [01/May/2026 16:19:39] "GET /styles.css HTTP/1.1" 200 -
::1 - - [01/May/2026 16:20:26] "GET / HTTP/1.1" 200 -
::1 - - [01/May/2026 16:20:26] "GET /styles.css HTTP/1.1" 200 -
::1 - - [01/May/2026 16:20:26] "GET /app.js HTTP/1.1" 200 -
::1 - - [01/May/2026 16:20:29] "GET / HTTP/1.1" 200 -
::1 - - [01/May/2026 16:20:29] "GET /styles.css HTTP/1.1" 200 -
::1 - - [01/May/2026 16:20:29] "GET /app.js HTTP/1.1" 200 -
::1 - - [01/May/2026 16:21:44] "GET / HTTP/1.1" 304 -
::1 - - [01/May/2026 16:21:44] "GET /app.js HTTP/1.1" 304 -
::1 - - [01/May/2026 16:21:55] "GET / HTTP/1.1" 304 -
::1 - - [01/May/2026 16:30:23] "GET / HTTP/1.1" 200 -
::1 - - [01/May/2026 16:30:23] "GET /styles.css HTTP/1.1" 200 -
::1 - - [01/May/2026 16:30:23] "GET /app.js HTTP/1.1" 200 -
::1 - - [01/May/2026 16:31:07] "GET / HTTP/1.1" 200 -
::1 - - [01/May/2026 16:31:07] "GET /styles.css HTTP/1.1" 200 -
::1 - - [01/May/2026 16:31:07] "GET /app.js HTTP/1.1" 200 -
::1 - - [01/May/2026 18:05:20] "GET / HTTP/1.1" 200 -
::1 - - [01/May/2026 18:05:20] "GET /styles.css HTTP/1.1" 200 -
::1 - - [01/May/2026 18:05:20] "GET /app.js HTTP/1.1" 200 -
::1 - - [01/May/2026 20:16:34] "GET / HTTP/1.1" 200 -
::1 - - [01/May/2026 20:16:34] "GET /styles.css HTTP/1.1" 200 -
::1 - - [01/May/2026 20:16:34] "GET /app.js HTTP/1.1" 200 -
::1 - - [01/May/2026 20:21:26] "GET / HTTP/1.1" 304 -
::1 - - [01/May/2026 20:26:36] "GET / HTTP/1.1" 200 -
::1 - - [01/May/2026 20:26:36] "GET /app.js HTTP/1.1" 200 -
::1 - - [01/May/2026 20:26:36] "GET /styles.css HTTP/1.1" 200 -
::1 - - [01/May/2026 20:30:28] "GET / HTTP/1.1" 200 -
::1 - - [01/May/2026 20:30:28] "GET /styles.css HTTP/1.1" 200 -
::1 - - [01/May/2026 20:30:28] "GET /app.js HTTP/1.1" 200 -
::1 - - [01/May/2026 20:33:05] "GET / HTTP/1.1" 200 -
::1 - - [01/May/2026 20:33:05] "GET /styles.css HTTP/1.1" 200 -
::1 - - [01/May/2026 20:33:05] "GET /app.js HTTP/1.1" 200 -
::1 - - [01/May/2026 20:34:28] "GET / HTTP/1.1" 200 -
::1 - - [01/May/2026 20:34:28] "GET /styles.css HTTP/1.1" 200 -
::1 - - [01/May/2026 20:34:28] "GET /app.js HTTP/1.1" 200 -
::1 - - [01/May/2026 20:34:31] "GET / HTTP/1.1" 200 -
::1 - - [01/May/2026 20:34:31] "GET /styles.css HTTP/1.1" 200 -
::1 - - [01/May/2026 20:34:31] "GET /app.js HTTP/1.1" 200 -
::1 - - [01/May/2026 20:35:17] "GET / HTTP/1.1" 200 -
::1 - - [01/May/2026 20:35:17] "GET /app.js HTTP/1.1" 200 -
::1 - - [01/May/2026 20:35:17] "GET /styles.css HTTP/1.1" 200 -
::1 - - [01/May/2026 20:35:21] "GET / HTTP/1.1" 200 -
::1 - - [01/May/2026 20:35:21] "GET /styles.css HTTP/1.1" 200 -
::1 - - [01/May/2026 20:35:21] "GET /app.js HTTP/1.1" 200 -
::1 - - [01/May/2026 20:35:30] code 404, message File not found
::1 - - [01/May/2026 20:35:30] "GET /.well-known/appspecific/com.chrome.devtools.json HTTP/1.1" 404 -
::1 - - [01/May/2026 20:35:35] "GET / HTTP/1.1" 200 -
::1 - - [01/May/2026 20:35:35] code 404, message File not found
::1 - - [01/May/2026 20:35:35] "GET /.well-known/appspecific/com.chrome.devtools.json HTTP/1.1" 404 -
::1 - - [01/May/2026 20:35:35] "GET /styles.css HTTP/1.1" 200 -
::1 - - [01/May/2026 20:35:35] "GET /app.js HTTP/1.1" 200 -
::1 - - [01/May/2026 20:36:21] "GET / HTTP/1.1" 200 -
::1 - - [01/May/2026 20:36:21] code 404, message File not found
::1 - - [01/May/2026 20:36:21] "GET /.well-known/appspecific/com.chrome.devtools.json HTTP/1.1" 404 -
::1 - - [01/May/2026 20:36:21] "GET /styles.css HTTP/1.1" 200 -
::1 - - [01/May/2026 20:36:21] "GET /app.js HTTP/1.1" 200 -
::1 - - [01/May/2026 20:37:07] "GET / HTTP/1.1" 200 -
::1 - - [01/May/2026 20:37:07] code 404, message File not found
::1 - - [01/May/2026 20:37:07] "GET /.well-known/appspecific/com.chrome.devtools.json HTTP/1.1" 404 -
::1 - - [01/May/2026 20:37:07] "GET /styles.css HTTP/1.1" 200 -
::1 - - [01/May/2026 20:37:07] "GET /app.js HTTP/1.1" 200 -
::1 - - [01/May/2026 20:40:20] "GET / HTTP/1.1" 200 -
::1 - - [01/May/2026 20:40:20] code 404, message File not found
::1 - - [01/May/2026 20:40:20] "GET /.well-known/appspecific/com.chrome.devtools.json HTTP/1.1" 404 -
::1 - - [01/May/2026 20:40:20] "GET /styles.css HTTP/1.1" 200 -
::1 - - [01/May/2026 20:40:20] "GET /app.js HTTP/1.1" 200 -
::1 - - [01/May/2026 23:10:50] "GET / HTTP/1.1" 200 -
::1 - - [01/May/2026 23:10:50] code 404, message File not found
::1 - - [01/May/2026 23:10:50] "GET /.well-known/appspecific/com.chrome.devtools.json HTTP/1.1" 404 -
::1 - - [01/May/2026 23:10:50] "GET /app.js HTTP/1.1" 200 -
::1 - - [01/May/2026 23:10:50] "GET /styles.css HTTP/1.1" 200 -
::1 - - [01/May/2026 23:36:56] "GET / HTTP/1.1" 200 -
::1 - - [01/May/2026 23:36:56] code 404, message File not found
::1 - - [01/May/2026 23:36:56] "GET /.well-known/appspecific/com.chrome.devtools.json HTTP/1.1" 404 -
::1 - - [01/May/2026 23:36:56] "GET /styles.css HTTP/1.1" 200 -
::1 - - [01/May/2026 23:36:57] "GET /app.js HTTP/1.1" 200 -
::1 - - [01/May/2026 23:52:10] "GET / HTTP/1.1" 200 -
::1 - - [01/May/2026 23:52:10] code 404, message File not found
::1 - - [01/May/2026 23:52:10] "GET /.well-known/appspecific/com.chrome.devtools.json HTTP/1.1" 404 -
::1 - - [01/May/2026 23:52:10] "GET /styles.css HTTP/1.1" 200 -
::1 - - [01/May/2026 23:52:10] "GET /app.js HTTP/1.1" 200 -
::1 - - [01/May/2026 23:52:18] "GET / HTTP/1.1" 200 -
::1 - - [01/May/2026 23:52:18] code 404, message File not found
::1 - - [01/May/2026 23:52:18] "GET /.well-known/appspecific/com.chrome.devtools.json HTTP/1.1" 404 -
::1 - - [01/May/2026 23:52:18] "GET /styles.css HTTP/1.1" 200 -
::1 - - [01/May/2026 23:52:18] "GET /app.js HTTP/1.1" 200 -
::1 - - [01/May/2026 23:52:57] "GET / HTTP/1.1" 200 -
::1 - - [01/May/2026 23:52:57] code 404, message File not found
::1 - - [01/May/2026 23:52:57] "GET /.well-known/appspecific/com.chrome.devtools.json HTTP/1.1" 404 -
::1 - - [01/May/2026 23:52:57] "GET /styles.css HTTP/1.1" 200 -
::1 - - [01/May/2026 23:52:57] "GET /app.js HTTP/1.1" 200 -
::1 - - [01/May/2026 23:54:02] "GET / HTTP/1.1" 200 -
::1 - - [01/May/2026 23:54:03] code 404, message File not found
::1 - - [01/May/2026 23:54:03] "GET /.well-known/appspecific/com.chrome.devtools.json HTTP/1.1" 404 -
::1 - - [01/May/2026 23:54:03] "GET /styles.css HTTP/1.1" 200 -
::1 - - [01/May/2026 23:54:03] "GET /app.js HTTP/1.1" 200 -
::1 - - [01/May/2026 23:54:17] "GET / HTTP/1.1" 200 -
::1 - - [01/May/2026 23:54:17] code 404, message File not found
::1 - - [01/May/2026 23:54:17] "GET /.well-known/appspecific/com.chrome.devtools.json HTTP/1.1" 404 -
::1 - - [01/May/2026 23:54:17] "GET /styles.css HTTP/1.1" 200 -
::1 - - [01/May/2026 23:54:17] "GET /app.js HTTP/1.1" 200 -
::1 - - [01/May/2026 23:55:36] "GET / HTTP/1.1" 200 -
::1 - - [01/May/2026 23:55:36] code 404, message File not found
::1 - - [01/May/2026 23:55:36] "GET /.well-known/appspecific/com.chrome.devtools.json HTTP/1.1" 404 -
::1 - - [01/May/2026 23:55:36] "GET /styles.css HTTP/1.1" 200 -
::1 - - [01/May/2026 23:55:36] "GET /app.js HTTP/1.1" 200 -
::1 - - [01/May/2026 23:58:52] "GET / HTTP/1.1" 200 -
::1 - - [01/May/2026 23:58:52] code 404, message File not found
::1 - - [01/May/2026 23:58:52] "GET /.well-known/appspecific/com.chrome.devtools.json HTTP/1.1" 404 -
::1 - - [01/May/2026 23:58:52] "GET /styles.css HTTP/1.1" 200 -
::1 - - [01/May/2026 23:58:52] "GET /app.js HTTP/1.1" 200 -
::1 - - [02/May/2026 00:00:15] "GET / HTTP/1.1" 200 -
::1 - - [02/May/2026 00:00:15] code 404, message File not found
::1 - - [02/May/2026 00:00:15] "GET /.well-known/appspecific/com.chrome.devtools.json HTTP/1.1" 404 -
::1 - - [02/May/2026 00:00:15] "GET /styles.css HTTP/1.1" 200 -
::1 - - [02/May/2026 00:00:15] "GET /app.js HTTP/1.1" 200 -
::1 - - [02/May/2026 00:00:27] "GET / HTTP/1.1" 200 -
::1 - - [02/May/2026 00:00:28] code 404, message File not found
::1 - - [02/May/2026 00:00:28] "GET /.well-known/appspecific/com.chrome.devtools.json HTTP/1.1" 404 -
::1 - - [02/May/2026 00:00:28] "GET /app.js HTTP/1.1" 200 -
::1 - - [02/May/2026 00:00:28] "GET /styles.css HTTP/1.1" 200 -
::1 - - [02/May/2026 00:00:41] "GET / HTTP/1.1" 200 -
::1 - - [02/May/2026 00:00:42] code 404, message File not found
::1 - - [02/May/2026 00:00:42] "GET /.well-known/appspecific/com.chrome.devtools.json HTTP/1.1" 404 -
::1 - - [02/May/2026 00:00:42] "GET /styles.css HTTP/1.1" 200 -
::1 - - [02/May/2026 00:00:42] "GET /app.js HTTP/1.1" 200 -
::1 - - [02/May/2026 00:01:20] "GET / HTTP/1.1" 200 -
::1 - - [02/May/2026 00:01:20] code 404, message File not found
::1 - - [02/May/2026 00:01:20] "GET /.well-known/appspecific/com.chrome.devtools.json HTTP/1.1" 404 -
::1 - - [02/May/2026 00:01:20] "GET /styles.css HTTP/1.1" 200 -
::1 - - [02/May/2026 00:01:20] "GET /app.js HTTP/1.1" 200 -
::1 - - [02/May/2026 00:03:42] "GET / HTTP/1.1" 200 -
::1 - - [02/May/2026 00:03:42] code 404, message File not found
::1 - - [02/May/2026 00:03:42] "GET /.well-known/appspecific/com.chrome.devtools.json HTTP/1.1" 404 -
::1 - - [02/May/2026 00:03:42] "GET /styles.css HTTP/1.1" 200 -
::1 - - [02/May/2026 00:03:42] "GET /app.js HTTP/1.1" 200 -
::1 - - [02/May/2026 00:03:47] "GET / HTTP/1.1" 200 -
::1 - - [02/May/2026 00:03:47] code 404, message File not found
::1 - - [02/May/2026 00:03:47] "GET /styles.css HTTP/1.1" 200 -
::1 - - [02/May/2026 00:03:47] "GET /.well-known/appspecific/com.chrome.devtools.json HTTP/1.1" 404 -
::1 - - [02/May/2026 00:03:47] "GET /app.js HTTP/1.1" 200 -
::1 - - [02/May/2026 00:04:26] "GET / HTTP/1.1" 200 -
::1 - - [02/May/2026 00:04:26] code 404, message File not found
::1 - - [02/May/2026 00:04:26] "GET /.well-known/appspecific/com.chrome.devtools.json HTTP/1.1" 404 -
::1 - - [02/May/2026 00:04:26] "GET /styles.css HTTP/1.1" 200 -
::1 - - [02/May/2026 00:04:26] "GET /app.js HTTP/1.1" 200 -
::1 - - [02/May/2026 00:06:11] "GET / HTTP/1.1" 200 -
::1 - - [02/May/2026 00:06:11] code 404, message File not found
::1 - - [02/May/2026 00:06:11] "GET /.well-known/appspecific/com.chrome.devtools.json HTTP/1.1" 404 -
::1 - - [02/May/2026 00:06:11] "GET /styles.css HTTP/1.1" 200 -
::1 - - [02/May/2026 00:06:11] "GET /app.js HTTP/1.1" 200 -
::1 - - [02/May/2026 00:12:57] "GET / HTTP/1.1" 200 -
::1 - - [02/May/2026 00:12:57] code 404, message File not found
::1 - - [02/May/2026 00:12:57] "GET /.well-known/appspecific/com.chrome.devtools.json HTTP/1.1" 404 -
::1 - - [02/May/2026 00:12:57] "GET /styles.css HTTP/1.1" 200 -
::1 - - [02/May/2026 00:12:57] "GET /app.js HTTP/1.1" 200 -
::1 - - [02/May/2026 00:14:26] "GET / HTTP/1.1" 200 -
::1 - - [02/May/2026 00:14:26] code 404, message File not found
::1 - - [02/May/2026 00:14:26] "GET /.well-known/appspecific/com.chrome.devtools.json HTTP/1.1" 404 -
::1 - - [02/May/2026 00:14:26] "GET /styles.css HTTP/1.1" 200 -
::1 - - [02/May/2026 00:14:26] "GET /app.js HTTP/1.1" 200 -
::1 - - [02/May/2026 00:16:01] "GET / HTTP/1.1" 200 -
::1 - - [02/May/2026 00:16:02] code 404, message File not found
::1 - - [02/May/2026 00:16:02] "GET /.well-known/appspecific/com.chrome.devtools.json HTTP/1.1" 404 -
::1 - - [02/May/2026 00:16:02] "GET /app.js HTTP/1.1" 200 -
::1 - - [02/May/2026 00:16:02] "GET /styles.css HTTP/1.1" 200 -
::1 - - [02/May/2026 00:22:00] "GET / HTTP/1.1" 200 -
::1 - - [02/May/2026 00:22:01] code 404, message File not found
::1 - - [02/May/2026 00:22:01] "GET /styles.css HTTP/1.1" 200 -
::1 - - [02/May/2026 00:22:01] "GET /.well-known/appspecific/com.chrome.devtools.json HTTP/1.1" 404 -
::1 - - [02/May/2026 00:22:01] "GET /app.js HTTP/1.1" 200 -
::1 - - [02/May/2026 00:24:43] "GET / HTTP/1.1" 200 -
::1 - - [02/May/2026 00:24:43] code 404, message File not found
::1 - - [02/May/2026 00:24:43] "GET /.well-known/appspecific/com.chrome.devtools.json HTTP/1.1" 404 -
::1 - - [02/May/2026 00:24:43] "GET /styles.css HTTP/1.1" 200 -
::1 - - [02/May/2026 00:24:43] "GET /app.js HTTP/1.1" 200 -
::1 - - [02/May/2026 00:32:29] "GET / HTTP/1.1" 200 -
::1 - - [02/May/2026 00:32:29] code 404, message File not found
::1 - - [02/May/2026 00:32:29] "GET /.well-known/appspecific/com.chrome.devtools.json HTTP/1.1" 404 -
::1 - - [02/May/2026 00:32:29] "GET /app.js HTTP/1.1" 200 -
::1 - - [02/May/2026 00:32:29] "GET /styles.css HTTP/1.1" 200 -
::1 - - [02/May/2026 00:43:05] "GET / HTTP/1.1" 200 -
::1 - - [02/May/2026 00:43:05] code 404, message File not found
::1 - - [02/May/2026 00:43:05] "GET /.well-known/appspecific/com.chrome.devtools.json HTTP/1.1" 404 -
::1 - - [02/May/2026 00:43:05] "GET /app.js HTTP/1.1" 200 -
::1 - - [02/May/2026 00:43:05] "GET /styles.css HTTP/1.1" 200 -
::1 - - [02/May/2026 00:43:25] "GET / HTTP/1.1" 200 -
::1 - - [02/May/2026 00:43:25] code 404, message File not found
::1 - - [02/May/2026 00:43:25] "GET /.well-known/appspecific/com.chrome.devtools.json HTTP/1.1" 404 -
::1 - - [02/May/2026 00:43:25] "GET /styles.css HTTP/1.1" 200 -
::1 - - [02/May/2026 00:43:25] "GET /app.js HTTP/1.1" 200 -
::1 - - [02/May/2026 00:46:07] "GET / HTTP/1.1" 200 -
::1 - - [02/May/2026 00:46:07] code 404, message File not found
::1 - - [02/May/2026 00:46:07] "GET /.well-known/appspecific/com.chrome.devtools.json HTTP/1.1" 404 -
::1 - - [02/May/2026 00:46:07] "GET /app.js HTTP/1.1" 200 -
::1 - - [02/May/2026 00:46:07] "GET /styles.css HTTP/1.1" 200 -
::1 - - [02/May/2026 00:47:14] "GET / HTTP/1.1" 200 -
::1 - - [02/May/2026 00:47:14] code 404, message File not found
::1 - - [02/May/2026 00:47:14] "GET /.well-known/appspecific/com.chrome.devtools.json HTTP/1.1" 404 -
::1 - - [02/May/2026 00:47:14] "GET /styles.css HTTP/1.1" 200 -
::1 - - [02/May/2026 00:47:14] "GET /app.js HTTP/1.1" 200 -
::1 - - [02/May/2026 00:48:28] "GET / HTTP/1.1" 200 -
::1 - - [02/May/2026 00:48:28] code 404, message File not found
::1 - - [02/May/2026 00:48:28] "GET /.well-known/appspecific/com.chrome.devtools.json HTTP/1.1" 404 -
::1 - - [02/May/2026 00:48:28] "GET /styles.css HTTP/1.1" 200 -
::1 - - [02/May/2026 00:48:28] "GET /app.js HTTP/1.1" 200 -
::1 - - [02/May/2026 00:48:55] "GET / HTTP/1.1" 200 -
::1 - - [02/May/2026 00:48:56] code 404, message File not found
::1 - - [02/May/2026 00:48:56] "GET /.well-known/appspecific/com.chrome.devtools.json HTTP/1.1" 404 -
::1 - - [02/May/2026 00:48:56] "GET /styles.css HTTP/1.1" 200 -
::1 - - [02/May/2026 00:48:56] "GET /app.js HTTP/1.1" 200 -
::1 - - [02/May/2026 02:05:16] "GET / HTTP/1.1" 304 -
::1 - - [02/May/2026 02:05:17] code 404, message File not found
::1 - - [02/May/2026 02:05:17] "GET /.well-known/appspecific/com.chrome.devtools.json HTTP/1.1" 404 -
::1 - - [02/May/2026 02:05:17] "GET /styles.css HTTP/1.1" 304 -
::1 - - [02/May/2026 02:05:17] "GET /app.js HTTP/1.1" 200 -
::1 - - [02/May/2026 02:08:14] "GET / HTTP/1.1" 200 -
::1 - - [02/May/2026 02:08:15] "GET /app.js HTTP/1.1" 200 -
::1 - - [02/May/2026 02:08:15] "GET /styles.css HTTP/1.1" 200 -
::1 - - [02/May/2026 02:08:15] code 404, message File not found
::1 - - [02/May/2026 02:08:15] "GET /.well-known/appspecific/com.chrome.devtools.json HTTP/1.1" 404 -
::1 - - [02/May/2026 18:45:13] "GET / HTTP/1.1" 304 -
::1 - - [02/May/2026 18:45:13] code 404, message File not found
::1 - - [02/May/2026 18:45:13] "GET /.well-known/appspecific/com.chrome.devtools.json HTTP/1.1" 404 -
::1 - - [02/May/2026 18:45:13] "GET /styles.css HTTP/1.1" 304 -
::1 - - [02/May/2026 18:45:13] "GET /app.js HTTP/1.1" 304 -
::1 - - [02/May/2026 18:52:28] "GET / HTTP/1.1" 200 -
::1 - - [02/May/2026 18:52:28] code 404, message File not found
::1 - - [02/May/2026 18:52:28] "GET /.well-known/appspecific/com.chrome.devtools.json HTTP/1.1" 404 -
::1 - - [02/May/2026 18:52:28] "GET /app.js HTTP/1.1" 200 -
::1 - - [02/May/2026 18:52:28] "GET /styles.css HTTP/1.1" 200 -
::1 - - [02/May/2026 18:52:38] code 404, message File not found
::1 - - [02/May/2026 18:52:38] "GET /.well-known/appspecific/com.chrome.devtools.json HTTP/1.1" 404 -
::1 - - [02/May/2026 18:52:38] "GET /app.js HTTP/1.1" 304 -
::1 - - [02/May/2026 18:52:51] "GET /main.html HTTP/1.1" 200 -
::1 - - [02/May/2026 18:52:51] code 404, message File not found
::1 - - [02/May/2026 18:52:51] "GET /.well-known/appspecific/com.chrome.devtools.json HTTP/1.1" 404 -
::1 - - [02/May/2026 18:52:51] code 404, message File not found
::1 - - [02/May/2026 18:52:51] "GET /favicon.ico HTTP/1.1" 404 -
